Determining if the pthread_create exist failed with the following output:
Change Dir: /home/patrick/UniOsnabrück/c++/C06/uebung08/Build/CMakeFiles/CMakeTmp

Run Build Command:"/usr/bin/make" "cmTC_00d84/fast"
/usr/bin/make -f CMakeFiles/cmTC_00d84.dir/build.make CMakeFiles/cmTC_00d84.dir/build
make[1]: Verzeichnis „/home/patrick/UniOsnabrück/c++/C06/uebung08/Build/CMakeFiles/CMakeTmp“ wird betreten
Building C object CMakeFiles/cmTC_00d84.dir/CheckSymbolExists.c.o
/usr/bin/cc     -o CMakeFiles/cmTC_00d84.dir/CheckSymbolExists.c.o   -c /home/patrick/UniOsnabrück/c++/C06/uebung08/Build/CMakeFiles/CMakeTmp/CheckSymbolExists.c
Linking C executable cmTC_00d84
/usr/bin/cmake -E cmake_link_script CMakeFiles/cmTC_00d84.dir/link.txt --verbose=1
/usr/bin/cc       CMakeFiles/cmTC_00d84.dir/CheckSymbolExists.c.o  -o cmTC_00d84 -rdynamic 
CMakeFiles/cmTC_00d84.dir/CheckSymbolExists.c.o: In Funktion `main':
CheckSymbolExists.c:(.text+0x16): Nicht definierter Verweis auf `pthread_create'
collect2: error: ld returned 1 exit status
CMakeFiles/cmTC_00d84.dir/build.make:97: die Regel für Ziel „cmTC_00d84“ scheiterte
make[1]: *** [cmTC_00d84] Fehler 1
make[1]: Verzeichnis „/home/patrick/UniOsnabrück/c++/C06/uebung08/Build/CMakeFiles/CMakeTmp“ wird verlassen
Makefile:126: die Regel für Ziel „cmTC_00d84/fast“ scheiterte
make: *** [cmTC_00d84/fast] Fehler 2

File /home/patrick/UniOsnabrück/c++/C06/uebung08/Build/CMakeFiles/CMakeTmp/CheckSymbolExists.c:
/* */
#include <pthread.h>

int main(int argc, char** argv)
{
  (void)argv;
#ifndef pthread_create
  return ((int*)(&pthread_create))[argc];
#else
  (void)argc;
  return 0;
#endif
}

Determining if the function pthread_create exists in the pthreads failed with the following output:
Change Dir: /home/patrick/UniOsnabrück/c++/C06/uebung08/Build/CMakeFiles/CMakeTmp

Run Build Command:"/usr/bin/make" "cmTC_41c3e/fast"
/usr/bin/make -f CMakeFiles/cmTC_41c3e.dir/build.make CMakeFiles/cmTC_41c3e.dir/build
make[1]: Verzeichnis „/home/patrick/UniOsnabrück/c++/C06/uebung08/Build/CMakeFiles/CMakeTmp“ wird betreten
Building C object CMakeFiles/cmTC_41c3e.dir/CheckFunctionExists.c.o
/usr/bin/cc    -DCHECK_FUNCTION_EXISTS=pthread_create   -o CMakeFiles/cmTC_41c3e.dir/CheckFunctionExists.c.o   -c /usr/share/cmake-3.5/Modules/CheckFunctionExists.c
Linking C executable cmTC_41c3e
/usr/bin/cmake -E cmake_link_script CMakeFiles/cmTC_41c3e.dir/link.txt --verbose=1
/usr/bin/cc   -DCHECK_FUNCTION_EXISTS=pthread_create    CMakeFiles/cmTC_41c3e.dir/CheckFunctionExists.c.o  -o cmTC_41c3e -rdynamic -lpthreads 
/usr/bin/ld: cannot find -lpthreads
collect2: error: ld returned 1 exit status
CMakeFiles/cmTC_41c3e.dir/build.make:97: die Regel für Ziel „cmTC_41c3e“ scheiterte
make[1]: *** [cmTC_41c3e] Fehler 1
make[1]: Verzeichnis „/home/patrick/UniOsnabrück/c++/C06/uebung08/Build/CMakeFiles/CMakeTmp“ wird verlassen
Makefile:126: die Regel für Ziel „cmTC_41c3e/fast“ scheiterte
make: *** [cmTC_41c3e/fast] Fehler 2


