Determining if the pthread_create exist failed with the following output:
Change Dir: /home/patrick/UniOsnabrück/c++/C06/uebung06/Build/CMakeFiles/CMakeTmp

Run Build Command:"/usr/bin/make" "cmTC_c06ac/fast"
/usr/bin/make -f CMakeFiles/cmTC_c06ac.dir/build.make CMakeFiles/cmTC_c06ac.dir/build
make[1]: Verzeichnis „/home/patrick/UniOsnabrück/c++/C06/uebung06/Build/CMakeFiles/CMakeTmp“ wird betreten
Building C object CMakeFiles/cmTC_c06ac.dir/CheckSymbolExists.c.o
/usr/bin/cc     -o CMakeFiles/cmTC_c06ac.dir/CheckSymbolExists.c.o   -c /home/patrick/UniOsnabrück/c++/C06/uebung06/Build/CMakeFiles/CMakeTmp/CheckSymbolExists.c
Linking C executable cmTC_c06ac
/usr/bin/cmake -E cmake_link_script CMakeFiles/cmTC_c06ac.dir/link.txt --verbose=1
/usr/bin/cc       CMakeFiles/cmTC_c06ac.dir/CheckSymbolExists.c.o  -o cmTC_c06ac -rdynamic 
CMakeFiles/cmTC_c06ac.dir/CheckSymbolExists.c.o: In Funktion `main':
CheckSymbolExists.c:(.text+0x16): Nicht definierter Verweis auf `pthread_create'
collect2: error: ld returned 1 exit status
CMakeFiles/cmTC_c06ac.dir/build.make:97: die Regel für Ziel „cmTC_c06ac“ scheiterte
make[1]: *** [cmTC_c06ac] Fehler 1
make[1]: Verzeichnis „/home/patrick/UniOsnabrück/c++/C06/uebung06/Build/CMakeFiles/CMakeTmp“ wird verlassen
Makefile:126: die Regel für Ziel „cmTC_c06ac/fast“ scheiterte
make: *** [cmTC_c06ac/fast] Fehler 2

File /home/patrick/UniOsnabrück/c++/C06/uebung06/Build/CMakeFiles/CMakeTmp/CheckSymbolExists.c:
/* */
#include <pthread.h>

int main(int argc, char** argv)
{
  (void)argv;
#ifndef pthread_create
  return ((int*)(&pthread_create))[argc];
#else
  (void)argc;
  return 0;
#endif
}

Determining if the function pthread_create exists in the pthreads failed with the following output:
Change Dir: /home/patrick/UniOsnabrück/c++/C06/uebung06/Build/CMakeFiles/CMakeTmp

Run Build Command:"/usr/bin/make" "cmTC_177df/fast"
/usr/bin/make -f CMakeFiles/cmTC_177df.dir/build.make CMakeFiles/cmTC_177df.dir/build
make[1]: Verzeichnis „/home/patrick/UniOsnabrück/c++/C06/uebung06/Build/CMakeFiles/CMakeTmp“ wird betreten
Building C object CMakeFiles/cmTC_177df.dir/CheckFunctionExists.c.o
/usr/bin/cc    -DCHECK_FUNCTION_EXISTS=pthread_create   -o CMakeFiles/cmTC_177df.dir/CheckFunctionExists.c.o   -c /usr/share/cmake-3.5/Modules/CheckFunctionExists.c
Linking C executable cmTC_177df
/usr/bin/cmake -E cmake_link_script CMakeFiles/cmTC_177df.dir/link.txt --verbose=1
/usr/bin/cc   -DCHECK_FUNCTION_EXISTS=pthread_create    CMakeFiles/cmTC_177df.dir/CheckFunctionExists.c.o  -o cmTC_177df -rdynamic -lpthreads 
/usr/bin/ld: cannot find -lpthreads
collect2: error: ld returned 1 exit status
CMakeFiles/cmTC_177df.dir/build.make:97: die Regel für Ziel „cmTC_177df“ scheiterte
make[1]: *** [cmTC_177df] Fehler 1
make[1]: Verzeichnis „/home/patrick/UniOsnabrück/c++/C06/uebung06/Build/CMakeFiles/CMakeTmp“ wird verlassen
Makefile:126: die Regel für Ziel „cmTC_177df/fast“ scheiterte
make: *** [cmTC_177df/fast] Fehler 2


