Determining if the pthread_create exist failed with the following output:
Change Dir: /home/patrick/UniOsnabrück/c++/C06/uebung11/build/CMakeFiles/CMakeTmp

Run Build Command:"/usr/bin/make" "cmTC_7bb09/fast"
/usr/bin/make -f CMakeFiles/cmTC_7bb09.dir/build.make CMakeFiles/cmTC_7bb09.dir/build
make[1]: Verzeichnis „/home/patrick/UniOsnabrück/c++/C06/uebung11/build/CMakeFiles/CMakeTmp“ wird betreten
Building C object CMakeFiles/cmTC_7bb09.dir/CheckSymbolExists.c.o
/usr/bin/cc     -o CMakeFiles/cmTC_7bb09.dir/CheckSymbolExists.c.o   -c /home/patrick/UniOsnabrück/c++/C06/uebung11/build/CMakeFiles/CMakeTmp/CheckSymbolExists.c
Linking C executable cmTC_7bb09
/usr/bin/cmake -E cmake_link_script CMakeFiles/cmTC_7bb09.dir/link.txt --verbose=1
/usr/bin/cc       CMakeFiles/cmTC_7bb09.dir/CheckSymbolExists.c.o  -o cmTC_7bb09 -rdynamic 
CMakeFiles/cmTC_7bb09.dir/CheckSymbolExists.c.o: In Funktion `main':
CheckSymbolExists.c:(.text+0x16): Nicht definierter Verweis auf `pthread_create'
collect2: error: ld returned 1 exit status
CMakeFiles/cmTC_7bb09.dir/build.make:97: die Regel für Ziel „cmTC_7bb09“ scheiterte
make[1]: *** [cmTC_7bb09] Fehler 1
make[1]: Verzeichnis „/home/patrick/UniOsnabrück/c++/C06/uebung11/build/CMakeFiles/CMakeTmp“ wird verlassen
Makefile:126: die Regel für Ziel „cmTC_7bb09/fast“ scheiterte
make: *** [cmTC_7bb09/fast] Fehler 2

File /home/patrick/UniOsnabrück/c++/C06/uebung11/build/CMakeFiles/CMakeTmp/CheckSymbolExists.c:
/* */
#include <pthread.h>

int main(int argc, char** argv)
{
  (void)argv;
#ifndef pthread_create
  return ((int*)(&pthread_create))[argc];
#else
  (void)argc;
  return 0;
#endif
}

Determining if the function pthread_create exists in the pthreads failed with the following output:
Change Dir: /home/patrick/UniOsnabrück/c++/C06/uebung11/build/CMakeFiles/CMakeTmp

Run Build Command:"/usr/bin/make" "cmTC_9e2a6/fast"
/usr/bin/make -f CMakeFiles/cmTC_9e2a6.dir/build.make CMakeFiles/cmTC_9e2a6.dir/build
make[1]: Verzeichnis „/home/patrick/UniOsnabrück/c++/C06/uebung11/build/CMakeFiles/CMakeTmp“ wird betreten
Building C object CMakeFiles/cmTC_9e2a6.dir/CheckFunctionExists.c.o
/usr/bin/cc    -DCHECK_FUNCTION_EXISTS=pthread_create   -o CMakeFiles/cmTC_9e2a6.dir/CheckFunctionExists.c.o   -c /usr/share/cmake-3.5/Modules/CheckFunctionExists.c
Linking C executable cmTC_9e2a6
/usr/bin/cmake -E cmake_link_script CMakeFiles/cmTC_9e2a6.dir/link.txt --verbose=1
/usr/bin/cc   -DCHECK_FUNCTION_EXISTS=pthread_create    CMakeFiles/cmTC_9e2a6.dir/CheckFunctionExists.c.o  -o cmTC_9e2a6 -rdynamic -lpthreads 
/usr/bin/ld: cannot find -lpthreads
collect2: error: ld returned 1 exit status
CMakeFiles/cmTC_9e2a6.dir/build.make:97: die Regel für Ziel „cmTC_9e2a6“ scheiterte
make[1]: *** [cmTC_9e2a6] Fehler 1
make[1]: Verzeichnis „/home/patrick/UniOsnabrück/c++/C06/uebung11/build/CMakeFiles/CMakeTmp“ wird verlassen
Makefile:126: die Regel für Ziel „cmTC_9e2a6/fast“ scheiterte
make: *** [cmTC_9e2a6/fast] Fehler 2


