Determining if the pthread_create exist failed with the following output:
Change Dir: /home/patrick/UniOsnabrück/c++/C06/musterloesungen/uebung06/Build/CMakeFiles/CMakeTmp

Run Build Command:"/usr/bin/make" "cmTC_e7a92/fast"
/usr/bin/make -f CMakeFiles/cmTC_e7a92.dir/build.make CMakeFiles/cmTC_e7a92.dir/build
make[1]: Verzeichnis „/home/patrick/UniOsnabrück/c++/C06/musterloesungen/uebung06/Build/CMakeFiles/CMakeTmp“ wird betreten
Building C object CMakeFiles/cmTC_e7a92.dir/CheckSymbolExists.c.o
/usr/bin/cc     -o CMakeFiles/cmTC_e7a92.dir/CheckSymbolExists.c.o   -c /home/patrick/UniOsnabrück/c++/C06/musterloesungen/uebung06/Build/CMakeFiles/CMakeTmp/CheckSymbolExists.c
Linking C executable cmTC_e7a92
/usr/bin/cmake -E cmake_link_script CMakeFiles/cmTC_e7a92.dir/link.txt --verbose=1
/usr/bin/cc       CMakeFiles/cmTC_e7a92.dir/CheckSymbolExists.c.o  -o cmTC_e7a92 -rdynamic 
CMakeFiles/cmTC_e7a92.dir/CheckSymbolExists.c.o: In Funktion `main':
CheckSymbolExists.c:(.text+0x16): Nicht definierter Verweis auf `pthread_create'
collect2: error: ld returned 1 exit status
CMakeFiles/cmTC_e7a92.dir/build.make:97: die Regel für Ziel „cmTC_e7a92“ scheiterte
make[1]: *** [cmTC_e7a92] Fehler 1
make[1]: Verzeichnis „/home/patrick/UniOsnabrück/c++/C06/musterloesungen/uebung06/Build/CMakeFiles/CMakeTmp“ wird verlassen
Makefile:126: die Regel für Ziel „cmTC_e7a92/fast“ scheiterte
make: *** [cmTC_e7a92/fast] Fehler 2

File /home/patrick/UniOsnabrück/c++/C06/musterloesungen/uebung06/Build/CMakeFiles/CMakeTmp/CheckSymbolExists.c:
/* */
#include <pthread.h>

int main(int argc, char** argv)
{
  (void)argv;
#ifndef pthread_create
  return ((int*)(&pthread_create))[argc];
#else
  (void)argc;
  return 0;
#endif
}

Determining if the function pthread_create exists in the pthreads failed with the following output:
Change Dir: /home/patrick/UniOsnabrück/c++/C06/musterloesungen/uebung06/Build/CMakeFiles/CMakeTmp

Run Build Command:"/usr/bin/make" "cmTC_485f8/fast"
/usr/bin/make -f CMakeFiles/cmTC_485f8.dir/build.make CMakeFiles/cmTC_485f8.dir/build
make[1]: Verzeichnis „/home/patrick/UniOsnabrück/c++/C06/musterloesungen/uebung06/Build/CMakeFiles/CMakeTmp“ wird betreten
Building C object CMakeFiles/cmTC_485f8.dir/CheckFunctionExists.c.o
/usr/bin/cc    -DCHECK_FUNCTION_EXISTS=pthread_create   -o CMakeFiles/cmTC_485f8.dir/CheckFunctionExists.c.o   -c /usr/share/cmake-3.5/Modules/CheckFunctionExists.c
Linking C executable cmTC_485f8
/usr/bin/cmake -E cmake_link_script CMakeFiles/cmTC_485f8.dir/link.txt --verbose=1
/usr/bin/cc   -DCHECK_FUNCTION_EXISTS=pthread_create    CMakeFiles/cmTC_485f8.dir/CheckFunctionExists.c.o  -o cmTC_485f8 -rdynamic -lpthreads 
/usr/bin/ld: cannot find -lpthreads
collect2: error: ld returned 1 exit status
CMakeFiles/cmTC_485f8.dir/build.make:97: die Regel für Ziel „cmTC_485f8“ scheiterte
make[1]: *** [cmTC_485f8] Fehler 1
make[1]: Verzeichnis „/home/patrick/UniOsnabrück/c++/C06/musterloesungen/uebung06/Build/CMakeFiles/CMakeTmp“ wird verlassen
Makefile:126: die Regel für Ziel „cmTC_485f8/fast“ scheiterte
make: *** [cmTC_485f8/fast] Fehler 2


