Determining if the pthread_create exist failed with the following output:
Change Dir: /home/patrick/UniOsnabrück/c++/C06/uebung10/build/CMakeFiles/CMakeTmp

Run Build Command:"/usr/bin/make" "cmTC_9fb06/fast"
/usr/bin/make -f CMakeFiles/cmTC_9fb06.dir/build.make CMakeFiles/cmTC_9fb06.dir/build
make[1]: Verzeichnis „/home/patrick/UniOsnabrück/c++/C06/uebung10/build/CMakeFiles/CMakeTmp“ wird betreten
Building C object CMakeFiles/cmTC_9fb06.dir/CheckSymbolExists.c.o
/usr/bin/cc     -o CMakeFiles/cmTC_9fb06.dir/CheckSymbolExists.c.o   -c /home/patrick/UniOsnabrück/c++/C06/uebung10/build/CMakeFiles/CMakeTmp/CheckSymbolExists.c
Linking C executable cmTC_9fb06
/usr/bin/cmake -E cmake_link_script CMakeFiles/cmTC_9fb06.dir/link.txt --verbose=1
/usr/bin/cc       CMakeFiles/cmTC_9fb06.dir/CheckSymbolExists.c.o  -o cmTC_9fb06 -rdynamic 
CMakeFiles/cmTC_9fb06.dir/CheckSymbolExists.c.o: In Funktion `main':
CheckSymbolExists.c:(.text+0x16): Nicht definierter Verweis auf `pthread_create'
collect2: error: ld returned 1 exit status
CMakeFiles/cmTC_9fb06.dir/build.make:97: die Regel für Ziel „cmTC_9fb06“ scheiterte
make[1]: *** [cmTC_9fb06] Fehler 1
make[1]: Verzeichnis „/home/patrick/UniOsnabrück/c++/C06/uebung10/build/CMakeFiles/CMakeTmp“ wird verlassen
Makefile:126: die Regel für Ziel „cmTC_9fb06/fast“ scheiterte
make: *** [cmTC_9fb06/fast] Fehler 2

File /home/patrick/UniOsnabrück/c++/C06/uebung10/build/CMakeFiles/CMakeTmp/CheckSymbolExists.c:
/* */
#include <pthread.h>

int main(int argc, char** argv)
{
  (void)argv;
#ifndef pthread_create
  return ((int*)(&pthread_create))[argc];
#else
  (void)argc;
  return 0;
#endif
}

Determining if the function pthread_create exists in the pthreads failed with the following output:
Change Dir: /home/patrick/UniOsnabrück/c++/C06/uebung10/build/CMakeFiles/CMakeTmp

Run Build Command:"/usr/bin/make" "cmTC_dac95/fast"
/usr/bin/make -f CMakeFiles/cmTC_dac95.dir/build.make CMakeFiles/cmTC_dac95.dir/build
make[1]: Verzeichnis „/home/patrick/UniOsnabrück/c++/C06/uebung10/build/CMakeFiles/CMakeTmp“ wird betreten
Building C object CMakeFiles/cmTC_dac95.dir/CheckFunctionExists.c.o
/usr/bin/cc    -DCHECK_FUNCTION_EXISTS=pthread_create   -o CMakeFiles/cmTC_dac95.dir/CheckFunctionExists.c.o   -c /usr/share/cmake-3.5/Modules/CheckFunctionExists.c
Linking C executable cmTC_dac95
/usr/bin/cmake -E cmake_link_script CMakeFiles/cmTC_dac95.dir/link.txt --verbose=1
/usr/bin/cc   -DCHECK_FUNCTION_EXISTS=pthread_create    CMakeFiles/cmTC_dac95.dir/CheckFunctionExists.c.o  -o cmTC_dac95 -rdynamic -lpthreads 
/usr/bin/ld: cannot find -lpthreads
collect2: error: ld returned 1 exit status
CMakeFiles/cmTC_dac95.dir/build.make:97: die Regel für Ziel „cmTC_dac95“ scheiterte
make[1]: *** [cmTC_dac95] Fehler 1
make[1]: Verzeichnis „/home/patrick/UniOsnabrück/c++/C06/uebung10/build/CMakeFiles/CMakeTmp“ wird verlassen
Makefile:126: die Regel für Ziel „cmTC_dac95/fast“ scheiterte
make: *** [cmTC_dac95/fast] Fehler 2


