Determining if the pthread_create exist failed with the following output:
Change Dir: /home/patrick/UniOsnabrück/c++/C06/musterloesungen/uebung07/jumper/build/CMakeFiles/CMakeTmp

Run Build Command:"/usr/bin/make" "cmTC_207b8/fast"
/usr/bin/make -f CMakeFiles/cmTC_207b8.dir/build.make CMakeFiles/cmTC_207b8.dir/build
make[1]: Verzeichnis „/home/patrick/UniOsnabrück/c++/C06/musterloesungen/uebung07/jumper/build/CMakeFiles/CMakeTmp“ wird betreten
Building C object CMakeFiles/cmTC_207b8.dir/CheckSymbolExists.c.o
/usr/bin/cc     -o CMakeFiles/cmTC_207b8.dir/CheckSymbolExists.c.o   -c /home/patrick/UniOsnabrück/c++/C06/musterloesungen/uebung07/jumper/build/CMakeFiles/CMakeTmp/CheckSymbolExists.c
Linking C executable cmTC_207b8
/usr/bin/cmake -E cmake_link_script CMakeFiles/cmTC_207b8.dir/link.txt --verbose=1
/usr/bin/cc       CMakeFiles/cmTC_207b8.dir/CheckSymbolExists.c.o  -o cmTC_207b8 -rdynamic 
CMakeFiles/cmTC_207b8.dir/CheckSymbolExists.c.o: In Funktion `main':
CheckSymbolExists.c:(.text+0x16): Nicht definierter Verweis auf `pthread_create'
collect2: error: ld returned 1 exit status
CMakeFiles/cmTC_207b8.dir/build.make:97: die Regel für Ziel „cmTC_207b8“ scheiterte
make[1]: *** [cmTC_207b8] Fehler 1
make[1]: Verzeichnis „/home/patrick/UniOsnabrück/c++/C06/musterloesungen/uebung07/jumper/build/CMakeFiles/CMakeTmp“ wird verlassen
Makefile:126: die Regel für Ziel „cmTC_207b8/fast“ scheiterte
make: *** [cmTC_207b8/fast] Fehler 2

File /home/patrick/UniOsnabrück/c++/C06/musterloesungen/uebung07/jumper/build/CMakeFiles/CMakeTmp/CheckSymbolExists.c:
/* */
#include <pthread.h>

int main(int argc, char** argv)
{
  (void)argv;
#ifndef pthread_create
  return ((int*)(&pthread_create))[argc];
#else
  (void)argc;
  return 0;
#endif
}

Determining if the function pthread_create exists in the pthreads failed with the following output:
Change Dir: /home/patrick/UniOsnabrück/c++/C06/musterloesungen/uebung07/jumper/build/CMakeFiles/CMakeTmp

Run Build Command:"/usr/bin/make" "cmTC_95209/fast"
/usr/bin/make -f CMakeFiles/cmTC_95209.dir/build.make CMakeFiles/cmTC_95209.dir/build
make[1]: Verzeichnis „/home/patrick/UniOsnabrück/c++/C06/musterloesungen/uebung07/jumper/build/CMakeFiles/CMakeTmp“ wird betreten
Building C object CMakeFiles/cmTC_95209.dir/CheckFunctionExists.c.o
/usr/bin/cc    -DCHECK_FUNCTION_EXISTS=pthread_create   -o CMakeFiles/cmTC_95209.dir/CheckFunctionExists.c.o   -c /usr/share/cmake-3.5/Modules/CheckFunctionExists.c
Linking C executable cmTC_95209
/usr/bin/cmake -E cmake_link_script CMakeFiles/cmTC_95209.dir/link.txt --verbose=1
/usr/bin/cc   -DCHECK_FUNCTION_EXISTS=pthread_create    CMakeFiles/cmTC_95209.dir/CheckFunctionExists.c.o  -o cmTC_95209 -rdynamic -lpthreads 
/usr/bin/ld: cannot find -lpthreads
collect2: error: ld returned 1 exit status
CMakeFiles/cmTC_95209.dir/build.make:97: die Regel für Ziel „cmTC_95209“ scheiterte
make[1]: *** [cmTC_95209] Fehler 1
make[1]: Verzeichnis „/home/patrick/UniOsnabrück/c++/C06/musterloesungen/uebung07/jumper/build/CMakeFiles/CMakeTmp“ wird verlassen
Makefile:126: die Regel für Ziel „cmTC_95209/fast“ scheiterte
make: *** [cmTC_95209/fast] Fehler 2


